Copyright 1986-2022 Xilinx, Inc. All Rights Reserved. Copyright 2022-2023 Advanced Micro Devices, Inc. All Rights Reserved.
------------------------------------------------------------------------------------------------------------------------------------------------------------------------------------------------------------------------------------
| Tool Version : Vivado v.2023.2 (win64) Build 4029153 Fri Oct 13 20:14:34 MDT 2023
| Date         : Tue Jun 16 15:27:26 2026
| Host         : LAPTOP-1RP5F08N running 64-bit major release  (build 9200)
| Command      : report_timing_summary -max_paths 10 -report_unconstrained -file updownCounter_timing_summary_routed.rpt -pb updownCounter_timing_summary_routed.pb -rpx updownCounter_timing_summary_routed.rpx -warn_on_violation
| Design       : updownCounter
| Device       : 7s50-csga324
| Speed File   : -1  PRODUCTION 1.23 2018-06-13
| Design State : Routed
------------------------------------------------------------------------------------------------------------------------------------------------------------------------------------------------------------------------------------

Timing Summary Report

------------------------------------------------------------------------------------------------
| Timer Settings
| --------------
------------------------------------------------------------------------------------------------

  Enable Multi Corner Analysis               :  Yes
  Enable Pessimism Removal                   :  Yes
  Pessimism Removal Resolution               :  Nearest Common Node
  Enable Input Delay Default Clock           :  No
  Enable Preset / Clear Arcs                 :  No
  Disable Flight Delays                      :  No
  Ignore I/O Paths                           :  No
  Timing Early Launch at Borrowing Latches   :  No
  Borrow Time for Max Delay Exceptions       :  Yes
  Merge Timing Exceptions                    :  Yes
  Inter-SLR Compensation                     :  Conservative

  Corner  Analyze    Analyze    
  Name    Max Paths  Min Paths  
  ------  ---------  ---------  
  Slow    Yes        Yes        
  Fast    Yes        Yes        


------------------------------------------------------------------------------------------------
| Report Methodology
| ------------------
------------------------------------------------------------------------------------------------

Rule       Severity          Description                  Violations  
---------  ----------------  ---------------------------  ----------  
TIMING-17  Critical Warning  Non-clocked sequential cell  32          

Note: This report is based on the most recent report_methodology run and may not be up-to-date. Run report_methodology on the current design for the latest report.



check_timing report

Table of Contents
-----------------
1. checking no_clock (32)
2. checking constant_clock (0)
3. checking pulse_width_clock (0)
4. checking unconstrained_internal_endpoints (64)
5. checking no_input_delay (2)
6. checking no_output_delay (4)
7. checking multiple_clock (0)
8. checking generated_clocks (0)
9. checking loops (0)
10. checking partial_input_delay (0)
11. checking partial_output_delay (0)
12. checking latch_loops (0)

1. checking no_clock (32)
-------------------------
 There are 28 register/latch pins with no clock driven by root clock pin: clk (HIGH)

 There are 4 register/latch pins with no clock driven by root clock pin: slow_clk_reg/Q (HIGH)


2. checking constant_clock (0)
------------------------------
 There are 0 register/latch pins with constant_clock.


3. checking pulse_width_clock (0)
---------------------------------
 There are 0 register/latch pins which need pulse_width check


4. checking unconstrained_internal_endpoints (64)
-------------------------------------------------
 There are 64 pins that are not constrained for maximum delay. (HIGH)

 There are 0 pins that are not constrained for maximum delay due to constant clock.


5. checking no_input_delay (2)
------------------------------
 There are 2 input ports with no input delay specified. (HIGH)

 There are 0 input ports with no input delay but user has a false path constraint.


6. checking no_output_delay (4)
-------------------------------
 There are 4 ports with no output delay specified. (HIGH)

 There are 0 ports with no output delay but user has a false path constraint

 There are 0 ports with no output delay but with a timing clock defined on it or propagating through it


7. checking multiple_clock (0)
------------------------------
 There are 0 register/latch pins with multiple clocks.


8. checking generated_clocks (0)
--------------------------------
 There are 0 generated clocks that are not connected to a clock source.


9. checking loops (0)
---------------------
 There are 0 combinational loops in the design.


10. checking partial_input_delay (0)
------------------------------------
 There are 0 input ports with partial input delay specified.


11. checking partial_output_delay (0)
-------------------------------------
 There are 0 ports with partial output delay specified.


12. checking latch_loops (0)
----------------------------
 There are 0 combinational latch loops in the design through latch input



------------------------------------------------------------------------------------------------
| Design Timing Summary
| ---------------------
------------------------------------------------------------------------------------------------

    WNS(ns)      TNS(ns)  TNS Failing Endpoints  TNS Total Endpoints      WHS(ns)      THS(ns)  THS Failing Endpoints  THS Total Endpoints     WPWS(ns)     TPWS(ns)  TPWS Failing Endpoints  TPWS Total Endpoints  
    -------      -------  ---------------------  -------------------      -------      -------  ---------------------  -------------------     --------     --------  ----------------------  --------------------  
        inf        0.000                      0                   68          inf        0.000                      0                   68           NA           NA                      NA                    NA  


There are no user specified timing constraints.


------------------------------------------------------------------------------------------------
| Clock Summary
| -------------
------------------------------------------------------------------------------------------------


------------------------------------------------------------------------------------------------
| Intra Clock Table
| -----------------
------------------------------------------------------------------------------------------------

Clock             WNS(ns)      TNS(ns)  TNS Failing Endpoints  TNS Total Endpoints      WHS(ns)      THS(ns)  THS Failing Endpoints  THS Total Endpoints     WPWS(ns)     TPWS(ns)  TPWS Failing Endpoints  TPWS Total Endpoints  
-----             -------      -------  ---------------------  -------------------      -------      -------  ---------------------  -------------------     --------     --------  ----------------------  --------------------  


------------------------------------------------------------------------------------------------
| Inter Clock Table
| -----------------
------------------------------------------------------------------------------------------------

From Clock    To Clock          WNS(ns)      TNS(ns)  TNS Failing Endpoints  TNS Total Endpoints      WHS(ns)      THS(ns)  THS Failing Endpoints  THS Total Endpoints  
----------    --------          -------      -------  ---------------------  -------------------      -------      -------  ---------------------  -------------------  


------------------------------------------------------------------------------------------------
| Other Path Groups Table
| -----------------------
------------------------------------------------------------------------------------------------

Path Group    From Clock    To Clock          WNS(ns)      TNS(ns)  TNS Failing Endpoints  TNS Total Endpoints      WHS(ns)      THS(ns)  THS Failing Endpoints  THS Total Endpoints  
----------    ----------    --------          -------      -------  ---------------------  -------------------      -------      -------  ---------------------  -------------------  


------------------------------------------------------------------------------------------------
| User Ignored Path Table
| -----------------------
------------------------------------------------------------------------------------------------

Path Group    From Clock    To Clock    
----------    ----------    --------    


------------------------------------------------------------------------------------------------
| Unconstrained Path Table
| ------------------------
------------------------------------------------------------------------------------------------

Path Group    From Clock    To Clock    
----------    ----------    --------    
(none)                                    


------------------------------------------------------------------------------------------------
| Timing Details
| --------------
------------------------------------------------------------------------------------------------


--------------------------------------------------------------------------------------
Path Group:  (none)
From Clock:  
  To Clock:  

Max Delay            68 Endpoints
Min Delay            68 Endpoints
--------------------------------------------------------------------------------------


Max Delay Paths
--------------------------------------------------------------------------------------
Slack:                    inf
  Source:                 y_reg[3]/C
                            (rising edge-triggered cell FDCE)
  Destination:            y[3]
                            (output port)
  Path Group:             (none)
  Path Type:              Max at Slow Process Corner
  Data Path Delay:        6.146ns  (logic 4.113ns (66.916%)  route 2.033ns (33.084%))
  Logic Levels:           2  (FDCE=1 OBUF=1)

    Location             Delay type                Incr(ns)  Path(ns)    Netlist Resource(s)
  -------------------------------------------------------------------    -------------------
    SLICE_X65Y57         FDCE                         0.000     0.000 r  y_reg[3]/C
    SLICE_X65Y57         FDCE (Prop_fdce_C_Q)         0.419     0.419 r  y_reg[3]/Q
                         net (fo=2, routed)           2.033     2.452    y_OBUF[3]
    F2                   OBUF (Prop_obuf_I_O)         3.694     6.146 r  y_OBUF[3]_inst/O
                         net (fo=0)                   0.000     6.146    y[3]
    F2                                                                r  y[3] (OUT)
  -------------------------------------------------------------------    -------------------

Slack:                    inf
  Source:                 y_reg[1]/C
                            (rising edge-triggered cell FDCE)
  Destination:            y[1]
                            (output port)
  Path Group:             (none)
  Path Type:              Max at Slow Process Corner
  Data Path Delay:        5.798ns  (logic 4.114ns (70.957%)  route 1.684ns (29.043%))
  Logic Levels:           2  (FDCE=1 OBUF=1)

    Location             Delay type                Incr(ns)  Path(ns)    Netlist Resource(s)
  -------------------------------------------------------------------    -------------------
    SLICE_X65Y57         FDCE                         0.000     0.000 r  y_reg[1]/C
    SLICE_X65Y57         FDCE (Prop_fdce_C_Q)         0.419     0.419 r  y_reg[1]/Q
                         net (fo=4, routed)           1.684     2.103    y_OBUF[1]
    G2                   OBUF (Prop_obuf_I_O)         3.695     5.798 r  y_OBUF[1]_inst/O
                         net (fo=0)                   0.000     5.798    y[1]
    G2                                                                r  y[1] (OUT)
  -------------------------------------------------------------------    -------------------

Slack:                    inf
  Source:                 y_reg[2]/C
                            (rising edge-triggered cell FDCE)
  Destination:            y[2]
                            (output port)
  Path Group:             (none)
  Path Type:              Max at Slow Process Corner
  Data Path Delay:        5.711ns  (logic 3.979ns (69.668%)  route 1.732ns (30.332%))
  Logic Levels:           2  (FDCE=1 OBUF=1)

    Location             Delay type                Incr(ns)  Path(ns)    Netlist Resource(s)
  -------------------------------------------------------------------    -------------------
    SLICE_X65Y57         FDCE                         0.000     0.000 r  y_reg[2]/C
    SLICE_X65Y57         FDCE (Prop_fdce_C_Q)         0.456     0.456 r  y_reg[2]/Q
                         net (fo=3, routed)           1.732     2.188    y_OBUF[2]
    F1                   OBUF (Prop_obuf_I_O)         3.523     5.711 r  y_OBUF[2]_inst/O
                         net (fo=0)                   0.000     5.711    y[2]
    F1                                                                r  y[2] (OUT)
  -------------------------------------------------------------------    -------------------

Slack:                    inf
  Source:                 y_reg[0]/C
                            (rising edge-triggered cell FDCE)
  Destination:            y[0]
                            (output port)
  Path Group:             (none)
  Path Type:              Max at Slow Process Corner
  Data Path Delay:        5.664ns  (logic 3.976ns (70.205%)  route 1.688ns (29.795%))
  Logic Levels:           2  (FDCE=1 OBUF=1)

    Location             Delay type                Incr(ns)  Path(ns)    Netlist Resource(s)
  -------------------------------------------------------------------    -------------------
    SLICE_X65Y57         FDCE                         0.000     0.000 r  y_reg[0]/C
    SLICE_X65Y57         FDCE (Prop_fdce_C_Q)         0.456     0.456 r  y_reg[0]/Q
                         net (fo=5, routed)           1.688     2.144    y_OBUF[0]
    G1                   OBUF (Prop_obuf_I_O)         3.520     5.664 r  y_OBUF[0]_inst/O
                         net (fo=0)                   0.000     5.664    y[0]
    G1                                                                r  y[0] (OUT)
  -------------------------------------------------------------------    -------------------

Slack:                    inf
  Source:                 rst
                            (input port)
  Destination:            count_reg[25]/CLR
  Path Group:             (none)
  Path Type:              Max at Slow Process Corner
  Data Path Delay:        4.106ns  (logic 1.461ns (35.574%)  route 2.645ns (64.426%))
  Logic Levels:           1  (IBUF=1)

    Location             Delay type                Incr(ns)  Path(ns)    Netlist Resource(s)
  -------------------------------------------------------------------    -------------------
    V2                                                0.000     0.000 f  rst (IN)
                         net (fo=0)                   0.000     0.000    rst
    V2                   IBUF (Prop_ibuf_I_O)         1.461     1.461 f  rst_IBUF_inst/O
                         net (fo=32, routed)          2.645     4.106    rst_IBUF
    SLICE_X63Y57         FDCE                                         f  count_reg[25]/CLR
  -------------------------------------------------------------------    -------------------

Slack:                    inf
  Source:                 rst
                            (input port)
  Destination:            count_reg[26]/CLR
  Path Group:             (none)
  Path Type:              Max at Slow Process Corner
  Data Path Delay:        4.106ns  (logic 1.461ns (35.574%)  route 2.645ns (64.426%))
  Logic Levels:           1  (IBUF=1)

    Location             Delay type                Incr(ns)  Path(ns)    Netlist Resource(s)
  -------------------------------------------------------------------    -------------------
    V2                                                0.000     0.000 f  rst (IN)
                         net (fo=0)                   0.000     0.000    rst
    V2                   IBUF (Prop_ibuf_I_O)         1.461     1.461 f  rst_IBUF_inst/O
                         net (fo=32, routed)          2.645     4.106    rst_IBUF
    SLICE_X63Y57         FDCE                                         f  count_reg[26]/CLR
  -------------------------------------------------------------------    -------------------

Slack:                    inf
  Source:                 rst
                            (input port)
  Destination:            slow_clk_reg/CLR
  Path Group:             (none)
  Path Type:              Max at Slow Process Corner
  Data Path Delay:        4.106ns  (logic 1.461ns (35.574%)  route 2.645ns (64.426%))
  Logic Levels:           1  (IBUF=1)

    Location             Delay type                Incr(ns)  Path(ns)    Netlist Resource(s)
  -------------------------------------------------------------------    -------------------
    V2                                                0.000     0.000 f  rst (IN)
                         net (fo=0)                   0.000     0.000    rst
    V2                   IBUF (Prop_ibuf_I_O)         1.461     1.461 f  rst_IBUF_inst/O
                         net (fo=32, routed)          2.645     4.106    rst_IBUF
    SLICE_X63Y57         FDCE                                         f  slow_clk_reg/CLR
  -------------------------------------------------------------------    -------------------

Slack:                    inf
  Source:                 updown
                            (input port)
  Destination:            y_reg[1]/D
  Path Group:             (none)
  Path Type:              Max at Slow Process Corner
  Data Path Delay:        3.997ns  (logic 1.606ns (40.187%)  route 2.391ns (59.813%))
  Logic Levels:           2  (IBUF=1 LUT3=1)

    Location             Delay type                Incr(ns)  Path(ns)    Netlist Resource(s)
  -------------------------------------------------------------------    -------------------
    U2                                                0.000     0.000 r  updown (IN)
                         net (fo=0)                   0.000     0.000    updown
    U2                   IBUF (Prop_ibuf_I_O)         1.454     1.454 r  updown_IBUF_inst/O
                         net (fo=3, routed)           2.391     3.845    updown_IBUF
    SLICE_X65Y57         LUT3 (Prop_lut3_I1_O)        0.152     3.997 r  y[1]_i_1/O
                         net (fo=1, routed)           0.000     3.997    y[1]_i_1_n_0
    SLICE_X65Y57         FDCE                                         r  y_reg[1]/D
  -------------------------------------------------------------------    -------------------

Slack:                    inf
  Source:                 rst
                            (input port)
  Destination:            y_reg[0]/CLR
  Path Group:             (none)
  Path Type:              Max at Slow Process Corner
  Data Path Delay:        3.974ns  (logic 1.461ns (36.755%)  route 2.513ns (63.245%))
  Logic Levels:           1  (IBUF=1)

    Location             Delay type                Incr(ns)  Path(ns)    Netlist Resource(s)
  -------------------------------------------------------------------    -------------------
    V2                                                0.000     0.000 f  rst (IN)
                         net (fo=0)                   0.000     0.000    rst
    V2                   IBUF (Prop_ibuf_I_O)         1.461     1.461 f  rst_IBUF_inst/O
                         net (fo=32, routed)          2.513     3.974    rst_IBUF
    SLICE_X65Y57         FDCE                                         f  y_reg[0]/CLR
  -------------------------------------------------------------------    -------------------

Slack:                    inf
  Source:                 rst
                            (input port)
  Destination:            y_reg[1]/CLR
  Path Group:             (none)
  Path Type:              Max at Slow Process Corner
  Data Path Delay:        3.974ns  (logic 1.461ns (36.755%)  route 2.513ns (63.245%))
  Logic Levels:           1  (IBUF=1)

    Location             Delay type                Incr(ns)  Path(ns)    Netlist Resource(s)
  -------------------------------------------------------------------    -------------------
    V2                                                0.000     0.000 f  rst (IN)
                         net (fo=0)                   0.000     0.000    rst
    V2                   IBUF (Prop_ibuf_I_O)         1.461     1.461 f  rst_IBUF_inst/O
                         net (fo=32, routed)          2.513     3.974    rst_IBUF
    SLICE_X65Y57         FDCE                                         f  y_reg[1]/CLR
  -------------------------------------------------------------------    -------------------





Min Delay Paths
--------------------------------------------------------------------------------------
Slack:                    inf
  Source:                 y_reg[2]/C
                            (rising edge-triggered cell FDCE)
  Destination:            y_reg[2]/D
  Path Group:             (none)
  Path Type:              Min at Fast Process Corner
  Data Path Delay:        0.344ns  (logic 0.186ns (54.110%)  route 0.158ns (45.890%))
  Logic Levels:           2  (FDCE=1 LUT4=1)

    Location             Delay type                Incr(ns)  Path(ns)    Netlist Resource(s)
  -------------------------------------------------------------------    -------------------
    SLICE_X65Y57         FDCE                         0.000     0.000 r  y_reg[2]/C
    SLICE_X65Y57         FDCE (Prop_fdce_C_Q)         0.141     0.141 r  y_reg[2]/Q
                         net (fo=3, routed)           0.158     0.299    y_OBUF[2]
    SLICE_X65Y57         LUT4 (Prop_lut4_I2_O)        0.045     0.344 r  y[2]_i_1/O
                         net (fo=1, routed)           0.000     0.344    y[2]_i_1_n_0
    SLICE_X65Y57         FDCE                                         r  y_reg[2]/D
  -------------------------------------------------------------------    -------------------

Slack:                    inf
  Source:                 y_reg[2]/C
                            (rising edge-triggered cell FDCE)
  Destination:            y_reg[3]/D
  Path Group:             (none)
  Path Type:              Min at Fast Process Corner
  Data Path Delay:        0.348ns  (logic 0.190ns (54.638%)  route 0.158ns (45.362%))
  Logic Levels:           2  (FDCE=1 LUT5=1)

    Location             Delay type                Incr(ns)  Path(ns)    Netlist Resource(s)
  -------------------------------------------------------------------    -------------------
    SLICE_X65Y57         FDCE                         0.000     0.000 r  y_reg[2]/C
    SLICE_X65Y57         FDCE (Prop_fdce_C_Q)         0.141     0.141 r  y_reg[2]/Q
                         net (fo=3, routed)           0.158     0.299    y_OBUF[2]
    SLICE_X65Y57         LUT5 (Prop_lut5_I4_O)        0.049     0.348 r  y[3]_i_1/O
                         net (fo=1, routed)           0.000     0.348    y[3]_i_1_n_0
    SLICE_X65Y57         FDCE                                         r  y_reg[3]/D
  -------------------------------------------------------------------    -------------------

Slack:                    inf
  Source:                 y_reg[0]/C
                            (rising edge-triggered cell FDCE)
  Destination:            y_reg[1]/D
  Path Group:             (none)
  Path Type:              Min at Fast Process Corner
  Data Path Delay:        0.362ns  (logic 0.183ns (50.496%)  route 0.179ns (49.504%))
  Logic Levels:           2  (FDCE=1 LUT3=1)

    Location             Delay type                Incr(ns)  Path(ns)    Netlist Resource(s)
  -------------------------------------------------------------------    -------------------
    SLICE_X65Y57         FDCE                         0.000     0.000 r  y_reg[0]/C
    SLICE_X65Y57         FDCE (Prop_fdce_C_Q)         0.141     0.141 r  y_reg[0]/Q
                         net (fo=5, routed)           0.179     0.320    y_OBUF[0]
    SLICE_X65Y57         LUT3 (Prop_lut3_I0_O)        0.042     0.362 r  y[1]_i_1/O
                         net (fo=1, routed)           0.000     0.362    y[1]_i_1_n_0
    SLICE_X65Y57         FDCE                                         r  y_reg[1]/D
  -------------------------------------------------------------------    -------------------

Slack:                    inf
  Source:                 y_reg[0]/C
                            (rising edge-triggered cell FDCE)
  Destination:            y_reg[0]/D
  Path Group:             (none)
  Path Type:              Min at Fast Process Corner
  Data Path Delay:        0.365ns  (logic 0.186ns (50.902%)  route 0.179ns (49.098%))
  Logic Levels:           2  (FDCE=1 LUT1=1)

    Location             Delay type                Incr(ns)  Path(ns)    Netlist Resource(s)
  -------------------------------------------------------------------    -------------------
    SLICE_X65Y57         FDCE                         0.000     0.000 r  y_reg[0]/C
    SLICE_X65Y57         FDCE (Prop_fdce_C_Q)         0.141     0.141 f  y_reg[0]/Q
                         net (fo=5, routed)           0.179     0.320    y_OBUF[0]
    SLICE_X65Y57         LUT1 (Prop_lut1_I0_O)        0.045     0.365 r  y[0]_i_1/O
                         net (fo=1, routed)           0.000     0.365    y[0]_i_1_n_0
    SLICE_X65Y57         FDCE                                         r  y_reg[0]/D
  -------------------------------------------------------------------    -------------------

Slack:                    inf
  Source:                 slow_clk_reg/C
                            (rising edge-triggered cell FDCE)
  Destination:            slow_clk_reg/D
  Path Group:             (none)
  Path Type:              Min at Fast Process Corner
  Data Path Delay:        0.417ns  (logic 0.186ns (44.579%)  route 0.231ns (55.421%))
  Logic Levels:           2  (FDCE=1 LUT4=1)

    Location             Delay type                Incr(ns)  Path(ns)    Netlist Resource(s)
  -------------------------------------------------------------------    -------------------
    SLICE_X63Y57         FDCE                         0.000     0.000 r  slow_clk_reg/C
    SLICE_X63Y57         FDCE (Prop_fdce_C_Q)         0.141     0.141 r  slow_clk_reg/Q
                         net (fo=5, routed)           0.231     0.372    slow_clk_reg_n_0
    SLICE_X63Y57         LUT4 (Prop_lut4_I3_O)        0.045     0.417 r  slow_clk_i_1/O
                         net (fo=1, routed)           0.000     0.417    slow_clk_i_1_n_0
    SLICE_X63Y57         FDCE                                         r  slow_clk_reg/D
  -------------------------------------------------------------------    -------------------

Slack:                    inf
  Source:                 count_reg[14]/C
                            (rising edge-triggered cell FDCE)
  Destination:            count_reg[15]/D
  Path Group:             (none)
  Path Type:              Min at Fast Process Corner
  Data Path Delay:        0.511ns  (logic 0.271ns (53.074%)  route 0.240ns (46.926%))
  Logic Levels:           3  (FDCE=1 LUT4=1 LUT5=1)

    Location             Delay type                Incr(ns)  Path(ns)    Netlist Resource(s)
  -------------------------------------------------------------------    -------------------
    SLICE_X63Y54         FDCE                         0.000     0.000 r  count_reg[14]/C
    SLICE_X63Y54         FDCE (Prop_fdce_C_Q)         0.128     0.128 f  count_reg[14]/Q
                         net (fo=2, routed)           0.100     0.228    count_reg_n_0_[14]
    SLICE_X63Y54         LUT5 (Prop_lut5_I3_O)        0.098     0.326 r  count[26]_i_4/O
                         net (fo=27, routed)          0.140     0.466    count[26]_i_4_n_0
    SLICE_X63Y54         LUT4 (Prop_lut4_I2_O)        0.045     0.511 r  count[15]_i_1/O
                         net (fo=1, routed)           0.000     0.511    count[15]
    SLICE_X63Y54         FDCE                                         r  count_reg[15]/D
  -------------------------------------------------------------------    -------------------

Slack:                    inf
  Source:                 count_reg[14]/C
                            (rising edge-triggered cell FDCE)
  Destination:            count_reg[16]/D
  Path Group:             (none)
  Path Type:              Min at Fast Process Corner
  Data Path Delay:        0.517ns  (logic 0.277ns (53.619%)  route 0.240ns (46.381%))
  Logic Levels:           3  (FDCE=1 LUT4=1 LUT5=1)

    Location             Delay type                Incr(ns)  Path(ns)    Netlist Resource(s)
  -------------------------------------------------------------------    -------------------
    SLICE_X63Y54         FDCE                         0.000     0.000 r  count_reg[14]/C
    SLICE_X63Y54         FDCE (Prop_fdce_C_Q)         0.128     0.128 f  count_reg[14]/Q
                         net (fo=2, routed)           0.100     0.228    count_reg_n_0_[14]
    SLICE_X63Y54         LUT5 (Prop_lut5_I3_O)        0.098     0.326 r  count[26]_i_4/O
                         net (fo=27, routed)          0.140     0.466    count[26]_i_4_n_0
    SLICE_X63Y54         LUT4 (Prop_lut4_I2_O)        0.051     0.517 r  count[16]_i_1/O
                         net (fo=1, routed)           0.000     0.517    count[16]
    SLICE_X63Y54         FDCE                                         r  count_reg[16]/D
  -------------------------------------------------------------------    -------------------

Slack:                    inf
  Source:                 count_reg[8]/C
                            (rising edge-triggered cell FDCE)
  Destination:            count_reg[13]/D
  Path Group:             (none)
  Path Type:              Min at Fast Process Corner
  Data Path Delay:        0.555ns  (logic 0.271ns (48.817%)  route 0.284ns (51.183%))
  Logic Levels:           3  (FDCE=1 LUT4=1 LUT5=1)

    Location             Delay type                Incr(ns)  Path(ns)    Netlist Resource(s)
  -------------------------------------------------------------------    -------------------
    SLICE_X63Y53         FDCE                         0.000     0.000 r  count_reg[8]/C
    SLICE_X63Y53         FDCE (Prop_fdce_C_Q)         0.128     0.128 r  count_reg[8]/Q
                         net (fo=2, routed)           0.119     0.247    count_reg_n_0_[8]
    SLICE_X63Y53         LUT5 (Prop_lut5_I1_O)        0.098     0.345 r  count[26]_i_3/O
                         net (fo=27, routed)          0.165     0.510    count[26]_i_3_n_0
    SLICE_X63Y54         LUT4 (Prop_lut4_I1_O)        0.045     0.555 r  count[13]_i_1/O
                         net (fo=1, routed)           0.000     0.555    count[13]
    SLICE_X63Y54         FDCE                                         r  count_reg[13]/D
  -------------------------------------------------------------------    -------------------

Slack:                    inf
  Source:                 count_reg[8]/C
                            (rising edge-triggered cell FDCE)
  Destination:            count_reg[14]/D
  Path Group:             (none)
  Path Type:              Min at Fast Process Corner
  Data Path Delay:        0.559ns  (logic 0.275ns (49.183%)  route 0.284ns (50.817%))
  Logic Levels:           3  (FDCE=1 LUT4=1 LUT5=1)

    Location             Delay type                Incr(ns)  Path(ns)    Netlist Resource(s)
  -------------------------------------------------------------------    -------------------
    SLICE_X63Y53         FDCE                         0.000     0.000 r  count_reg[8]/C
    SLICE_X63Y53         FDCE (Prop_fdce_C_Q)         0.128     0.128 r  count_reg[8]/Q
                         net (fo=2, routed)           0.119     0.247    count_reg_n_0_[8]
    SLICE_X63Y53         LUT5 (Prop_lut5_I1_O)        0.098     0.345 r  count[26]_i_3/O
                         net (fo=27, routed)          0.165     0.510    count[26]_i_3_n_0
    SLICE_X63Y54         LUT4 (Prop_lut4_I1_O)        0.049     0.559 r  count[14]_i_1/O
                         net (fo=1, routed)           0.000     0.559    count[14]
    SLICE_X63Y54         FDCE                                         r  count_reg[14]/D
  -------------------------------------------------------------------    -------------------

Slack:                    inf
  Source:                 count_reg[8]/C
                            (rising edge-triggered cell FDCE)
  Destination:            count_reg[10]/D
  Path Group:             (none)
  Path Type:              Min at Fast Process Corner
  Data Path Delay:        0.586ns  (logic 0.271ns (46.239%)  route 0.315ns (53.761%))
  Logic Levels:           3  (FDCE=1 LUT4=1 LUT5=1)

    Location             Delay type                Incr(ns)  Path(ns)    Netlist Resource(s)
  -------------------------------------------------------------------    -------------------
    SLICE_X63Y53         FDCE                         0.000     0.000 r  count_reg[8]/C
    SLICE_X63Y53         FDCE (Prop_fdce_C_Q)         0.128     0.128 r  count_reg[8]/Q
                         net (fo=2, routed)           0.119     0.247    count_reg_n_0_[8]
    SLICE_X63Y53         LUT5 (Prop_lut5_I1_O)        0.098     0.345 r  count[26]_i_3/O
                         net (fo=27, routed)          0.196     0.541    count[26]_i_3_n_0
    SLICE_X63Y53         LUT4 (Prop_lut4_I1_O)        0.045     0.586 r  count[10]_i_1/O
                         net (fo=1, routed)           0.000     0.586    count[10]
    SLICE_X63Y53         FDCE                                         r  count_reg[10]/D
  -------------------------------------------------------------------    -------------------





